---
layout: post
title: oracle 索引和逻辑读小测
date: 2008-11-25 09:57:16.000000000 +10:30
type: post
published: true
status: publish
categories:
- Oracle
tags:
- oracle
- test
meta:
  posturl_add_url: 'yes'
  _edit_last: '1'
  views: '1072'
---
<p>create table T1(</p>
<p>ID   NUMBER not null,<br />
NAME VARCHAR2(30) not null<br />
);</p>
<p>create index D on T1 (name);</p>
<p>alter table T1 add constraint PK_T1_ID primary key (ID) ;</p>
<p>因为先建了索引（非unique),再加了主键，就算是用ID查询，也是使用 INDEX RANGE SCAN的。</p>
<p><span style="color: #ff6600;">下面先测试的就是索引为指定unique的情况</span></p>
<p>----------------------------------------------</p>
<p>测试逻辑读</p>
<p><a href="mailto:orphean@ORCL">orphean@ORCL</a>&gt; select * from t1 where id = '15238';</p>
<p>ID NAME<br />
---------- ------------------------------<br />
15238 /3fae2b85_BasicOptionPaneUI1<br />
执行计划<br />
----------------------------------------------------------<br />
Plan hash value: 190799060</p>
<p>-----------------------------------------------------------------------------------------<br />
| Id | Operation                   | Name      | Rows | Bytes | Cost (%CPU)| Time     |<br />
-----------------------------------------------------------------------------------------<br />
|   0 | SELECT STATEMENT            |           |     1 |    28 |     2   (0)| 00:00:01 |<br />
|   1 | TABLE ACCESS BY INDEX ROWID| T1        |     1 |    28 |     2   (0)| 00:00:01 |<br />
|* 2 |   <span style="color: #ff6600;"><strong>INDEX RANGE SCAN</strong></span>          | IDX_T1_ID |     1 |       |     1   (0)| 00:00:01 |<br />
-----------------------------------------------------------------------------------------</p>
<p>Predicate Information (identified by operation id):<br />
---------------------------------------------------</p>
<p>2 - access("ID"=15238)<br />
统计信息<br />
----------------------------------------------------------<br />
0 recursive calls<br />
0 db block gets<br />
<span style="color: #ff0000;"><strong>4 consistent gets<br />
</strong></span>          0 physical reads<br />
0 redo size<br />
491 bytes sent via SQL*Net to client<br />
385 bytes received via SQL*Net from client<br />
2 SQL*Net roundtrips to/from client<br />
0 sorts (memory)<br />
0 sorts (disk)<br />
1 rows processed</p>
<p><a href="mailto:orphean@ORCL">orphean@ORCL</a>&gt;<br />
<a href="mailto:orphean@ORCL">orphean@ORCL</a>&gt; select name from t1 where id = '15238';</p>
<p>NAME<br />
------------------------------<br />
/3fae2b85_BasicOptionPaneUI1<br />
执行计划<br />
----------------------------------------------------------<br />
Plan hash value: 190799060</p>
<p>-----------------------------------------------------------------------------------------<br />
| Id | Operation                   | Name      | Rows | Bytes | Cost (%CPU)| Time     |<br />
-----------------------------------------------------------------------------------------<br />
|   0 | SELECT STATEMENT            |           |     1 |    28 |     2   (0)| 00:00:01 |<br />
|   1 | TABLE ACCESS BY INDEX ROWID| T1        |     1 |    28 |     2   (0)| 00:00:01 |<br />
|* 2 |   INDEX RANGE SCAN          | IDX_T1_ID |     1 |       |     1   (0)| 00:00:01 |<br />
-----------------------------------------------------------------------------------------</p>
<p>Predicate Information (identified by operation id):<br />
---------------------------------------------------</p>
<p>2 - access("ID"=15238)<br />
统计信息<br />
----------------------------------------------------------<br />
0 recursive calls<br />
0 db block gets<br />
<strong><span style="color: #ff0000;">4 consistent gets<br />
</span></strong>          0 physical reads<br />
0 redo size<br />
439 bytes sent via SQL*Net to client<br />
385 bytes received via SQL*Net from client<br />
2 SQL*Net roundtrips to/from client<br />
0 sorts (memory)<br />
0 sorts (disk)<br />
1 rows processed</p>
<p><span style="color: #ff6600;">-- 可以看到查询通过索引获取，因为需要回表，索引逻辑读是4</span></p>
<p><a href="mailto:orphean@ORCL">orphean@ORCL</a>&gt;<br />
<a href="mailto:orphean@ORCL">orphean@ORCL</a>&gt; select id from t1 where id = '15238';</p>
<p>ID<br />
----------<br />
15238<br />
执行计划<br />
----------------------------------------------------------<br />
Plan hash value: 3653646128</p>
<p>------------------------------------------------------------------------------<br />
| Id | Operation        | Name      | Rows | Bytes | Cost (%CPU)| Time     |<br />
------------------------------------------------------------------------------<br />
|   0 | SELECT STATEMENT |           |     1 |     5 |     1   (0)| 00:00:01 |<br />
|* 1 | INDEX RANGE SCAN| IDX_T1_ID |     1 |     5 |     1   (0)| 00:00:01 |<br />
------------------------------------------------------------------------------</p>
<p>Predicate Information (identified by operation id):<br />
---------------------------------------------------</p>
<p>1 - access("ID"=15238)<br />
统计信息<br />
----------------------------------------------------------<br />
0 recursive calls<br />
0 db block gets<br />
<span style="color: #ff0000;"><strong> 3 consistent gets<br />
</strong></span>          0 physical reads<br />
0 redo size<br />
404 bytes sent via SQL*Net to client<br />
385 bytes received via SQL*Net from client<br />
2 SQL*Net roundtrips to/from client<br />
0 sorts (memory)<br />
0 sorts (disk)<br />
1 rows processed</p>
<p><a href="mailto:orphean@ORCL">orphean@ORCL</a>&gt;<br />
<a href="mailto:orphean@ORCL">orphean@ORCL</a>&gt; select count(*) from t1 where id = '15238';</p>
<p>COUNT(*)<br />
----------<br />
1<br />
执行计划<br />
----------------------------------------------------------<br />
Plan hash value: 3689344262</p>
<p>-------------------------------------------------------------------------------<br />
| Id | Operation         | Name      | Rows | Bytes | Cost (%CPU)| Time     |<br />
-------------------------------------------------------------------------------<br />
|   0 | SELECT STATEMENT |           |     1 |     5 |     1   (0)| 00:00:01 |<br />
|   1 | SORT AGGREGATE   |           |     1 |     5 |            |          |<br />
|* 2 |   INDEX RANGE SCAN| IDX_T1_ID |     1 |     5 |     1   (0)| 00:00:01 |<br />
-------------------------------------------------------------------------------</p>
<p>Predicate Information (identified by operation id):<br />
---------------------------------------------------</p>
<p>2 - access("ID"=15238)<br />
统计信息<br />
----------------------------------------------------------<br />
0 recursive calls<br />
0 db block gets<br />
<strong><span style="color: #ff0000;">2 consistent gets<br />
</span></strong>          0 physical reads<br />
0 redo size<br />
408 bytes sent via SQL*Net to client<br />
385 bytes received via SQL*Net from client<br />
2 SQL*Net roundtrips to/from client<br />
0 sorts (memory)<br />
0 sorts (disk)<br />
1 rows processed</p>
<p><a href="mailto:orphean@ORCL">orphean@ORCL</a>&gt;</p>
<p>&nbsp;</p>
<p>################</p>
<p>主键索引unique指定</p>
<p>alter table T1<br />
add constraint PK_T1_ID primary key (ID)<br />
using index</p>
<p>-----------------------</p>
<p><a href="mailto:orphean@ORCL">orphean@ORCL</a>&gt; select * from t1 where id = '15238';</p>
<p>ID NAME<br />
---------- ------------------------------<br />
15238 /3fae2b85_BasicOptionPaneUI1<br />
执行计划<br />
----------------------------------------------------------<br />
Plan hash value: 3736029472</p>
<p>----------------------------------------------------------------------------------------<br />
| Id | Operation                   | Name     | Rows | Bytes | Cost (%CPU)| Time     |<br />
----------------------------------------------------------------------------------------<br />
|   0 | SELECT STATEMENT            |          |     1 |    28 |     2   (0)| 00:00:01 |<br />
|   1 | TABLE ACCESS BY INDEX ROWID| T1       |     1 |    28 |     2   (0)| 00:00:01 |<br />
|* 2 |   <strong><span style="color: #ff6600;">INDEX UNIQUE SCAN</span></strong>         | PK_T1_ID |     1 |       |     1   (0)| 00:00:01 |<br />
----------------------------------------------------------------------------------------</p>
<p>Predicate Information (identified by operation id):<br />
---------------------------------------------------</p>
<p>2 - access("ID"=15238)<br />
统计信息<br />
----------------------------------------------------------<br />
0 recursive calls<br />
0 db block gets<br />
<strong><span style="color: #ff0000;">3 consistent gets</span></strong><br />
0 physical reads<br />
0 redo size<br />
395 bytes sent via SQL*Net to client<br />
374 bytes received via SQL*Net from client<br />
1 SQL*Net roundtrips to/from client<br />
0 sorts (memory)<br />
0 sorts (disk)<br />
1 rows processed</p>
<p><a href="mailto:orphean@ORCL">orphean@ORCL</a>&gt;<br />
<a href="mailto:orphean@ORCL">orphean@ORCL</a>&gt; select name from t1 where id = '15237';</p>
<p>NAME<br />
------------------------------<br />
javax/swing/text/PasswordView<br />
执行计划<br />
----------------------------------------------------------<br />
Plan hash value: 3736029472</p>
<p>----------------------------------------------------------------------------------------<br />
| Id | Operation                   | Name     | Rows | Bytes | Cost (%CPU)| Time     |<br />
----------------------------------------------------------------------------------------<br />
|   0 | SELECT STATEMENT            |          |     1 |    28 |     2   (0)| 00:00:01 |<br />
|   1 | TABLE ACCESS BY INDEX ROWID| T1       |     1 |    28 |     2   (0)| 00:00:01 |<br />
|* 2 |   INDEX UNIQUE SCAN         | PK_T1_ID |     1 |       |     1   (0)| 00:00:01 |<br />
----------------------------------------------------------------------------------------</p>
<p>Predicate Information (identified by operation id):<br />
---------------------------------------------------</p>
<p>2 - access("ID"=15237)<br />
统计信息<br />
----------------------------------------------------------<br />
0 recursive calls<br />
0 db block gets<br />
3 consistent gets<br />
0 physical reads<br />
0 redo size<br />
344 bytes sent via SQL*Net to client<br />
374 bytes received via SQL*Net from client<br />
1 SQL*Net roundtrips to/from client<br />
0 sorts (memory)<br />
0 sorts (disk)<br />
1 rows processed</p>
<p><a href="mailto:orphean@ORCL">orphean@ORCL</a>&gt;<br />
<a href="mailto:orphean@ORCL">orphean@ORCL</a>&gt; select id from t1 where id = '15237';</p>
<p>ID<br />
----------<br />
15237<br />
执行计划<br />
----------------------------------------------------------<br />
Plan hash value: 2381392525</p>
<p>------------------------------------------------------------------------------<br />
| Id | Operation         | Name     | Rows | Bytes | Cost (%CPU)| Time     |<br />
------------------------------------------------------------------------------<br />
|   0 | SELECT STATEMENT |          |     1 |     5 |     1   (0)| 00:00:01 |<br />
|* 1 | INDEX UNIQUE SCAN| PK_T1_ID |     1 |     5 |     1   (0)| 00:00:01 |<br />
------------------------------------------------------------------------------</p>
<p>Predicate Information (identified by operation id):<br />
---------------------------------------------------</p>
<p>1 - access("ID"=15237)<br />
统计信息<br />
----------------------------------------------------------<br />
0 recursive calls<br />
0 db block gets<br />
2 consistent gets<br />
0 physical reads<br />
0 redo size<br />
404 bytes sent via SQL*Net to client<br />
385 bytes received via SQL*Net from client<br />
2 SQL*Net roundtrips to/from client<br />
0 sorts (memory)<br />
0 sorts (disk)<br />
1 rows processed</p>
<p><a href="mailto:orphean@ORCL">orphean@ORCL</a>&gt;<br />
<a href="mailto:orphean@ORCL">orphean@ORCL</a>&gt; select count(*) from t1 where id = '15237';</p>
<p>COUNT(*)<br />
----------<br />
1<br />
执行计划<br />
----------------------------------------------------------<br />
Plan hash value: 3140672401</p>
<p>-------------------------------------------------------------------------------<br />
| Id | Operation          | Name     | Rows | Bytes | Cost (%CPU)| Time     |<br />
-------------------------------------------------------------------------------<br />
|   0 | SELECT STATEMENT   |          |     1 |     5 |     1   (0)| 00:00:01 |<br />
|   1 | SORT AGGREGATE    |          |     1 |     5 |            |          |<br />
|* 2 |   INDEX UNIQUE SCAN| PK_T1_ID |     1 |     5 |     1   (0)| 00:00:01 |<br />
-------------------------------------------------------------------------------</p>
<p>Predicate Information (identified by operation id):<br />
---------------------------------------------------</p>
<p>2 - access("ID"=15237)<br />
统计信息<br />
----------------------------------------------------------<br />
0 recursive calls<br />
0 db block gets<br />
2 consistent gets<br />
0 physical reads<br />
0 redo size<br />
408 bytes sent via SQL*Net to client<br />
385 bytes received via SQL*Net from client<br />
2 SQL*Net roundtrips to/from client<br />
0 sorts (memory)<br />
0 sorts (disk)<br />
1 rows processed</p>
<p><a href="mailto:orphean@ORCL">orphean@ORCL</a>&gt;</p>
<p>--EOF</p>
