---
layout: post
title: 关于MySql explain 中的ID
date: 2010-06-10 14:44:02.000000000 +09:30
type: post
published: true
status: publish
categories:
- MySQL
tags:
- tuning
- mysql
meta:
  posturl_add_url: 'yes'
  _edit_last: '1'
  views: '1228'
---
<p>root@test 10:56:20&gt;explain SELECT T0.*</p>
<div>-&gt;   FROM<br />
-&gt; PRODUCT_0000 T0,<br />
-&gt; PRODUCT_0003 T3<br />
-&gt;  WHERE T0.ID = T3.id<br />
-&gt;    AND T0.AUC_ID =5120001280;<br />
+----+-------------+-------+--------+-------------------------+-----------------+---------+--------------------+------+-------------+<br />
| id | select_type | table | type   | possible_keys           | key             | key_len | ref                | rows | Extra       |<br />
+----+-------------+-------+--------+-------------------------+-----------------+---------+--------------------+------+-------------+<br />
|  1 | SIMPLE      | T0    | ref    | PRIMARY,idx_aa_0000_aid | idx_aa_0000_aid | 9       | const              |    1 | Using where |<br />
|  1 | SIMPLE      | T3    | eq_ref | PRIMARY                 | PRIMARY         | 8       | test.T0.id |    1 | Using index |<br />
+----+-------------+-------+--------+-------------------------+-----------------+---------+--------------------+------+-------------+<br />
2 rows in set (0.00 sec)</p>
<p>root@test 10:56:32&gt;explain SELECT T0.*<br />
-&gt;   FROM<br />
-&gt; PRODUCT_0000 T0,<br />
-&gt; PRODUCT_0003 T3<br />
-&gt;  WHERE T0.ID = T3.id<br />
-&gt;    AND T3.AUC_ID =5120001283;<br />
+----+-------------+-------+--------+-------------------------+-----------------+---------+--------------------+------+--------------------------+<br />
| id | select_type | table | type   | possible_keys           | key             | key_len | ref                | rows | Extra                    |<br />
+----+-------------+-------+--------+-------------------------+-----------------+---------+--------------------+------+--------------------------+<br />
|  1 | SIMPLE      | T3    | ref    | PRIMARY,idx_aa_0003_aid | idx_aa_0003_aid | 9       | const              |    1 | Using where; Using index |<br />
|  1 | SIMPLE      | T0    | eq_ref | PRIMARY                 | PRIMARY         | 8       | test.T3.id |    1 |                          |<br />
+----+-------------+-------+--------+-------------------------+-----------------+---------+--------------------+------+--------------------------+<br />
2 rows in set (0.02 sec)</p>
<p>--根据查询条件，相同的ID显示的话，执行顺序是从上往下</p>
<p>root@test 11:00:44&gt;explain SELECT T0.*<br />
-&gt;     FROM PRODUCT_0000 T0<br />
-&gt;    WHERE T0.ID = (SELECT T1.ID<br />
-&gt;                     FROM PRODUCT_0001 T1<br />
-&gt;                    WHERE T1.ID = (SELECT T2.ID<br />
-&gt;                                     FROM PRODUCT_0002 T2<br />
-&gt;                                    WHERE T2.AUC_ID = 5120002050));<br />
+----+-------------+-------+-------+-----------------+-----------------+---------+-------+------+--------------------------+<br />
| id | select_type | table | type  | possible_keys   | key             | key_len | ref   | rows | Extra                    |<br />
+----+-------------+-------+-------+-----------------+-----------------+---------+-------+------+--------------------------+<br />
|  1 | PRIMARY     | T0    | const | PRIMARY         | PRIMARY         | 8       | const |    1 |                          |<br />
|  2 | SUBQUERY    | T1    | const | PRIMARY         | PRIMARY         | 8       |       |    1 | Using index              |<br />
|  3 | SUBQUERY    | T2    | ref   | idx_aa_0002_aid | idx_aa_0002_aid | 9       |       |    1 | Using where; Using index |<br />
+----+-------------+-------+-------+-----------------+-----------------+---------+-------+------+--------------------------+<br />
3 rows in set (0.04 sec)</p>
<p>--如果是子查询，ID的序号会递增，在一组循环中id越大优先级越高，越早被执行</p>
<p>root@test 11:02:38&gt;explain select s2.* from (<br />
-&gt;       SELECT T3.id<br />
-&gt;         FROM  PRODUCT_0003 T3<br />
-&gt;        WHERE   T3.AUC_ID = 5120002051) s1,<br />
-&gt;        PRODUCT_0003 s2<br />
-&gt;        where s1.id = s2.id;<br />
+----+-------------+------------+--------+-----------------+-----------------+---------+-------+------+--------------------------+<br />
| id | select_type | table      | type   | possible_keys   | key             | key_len | ref   | rows | Extra                    |<br />
+----+-------------+------------+--------+-----------------+-----------------+---------+-------+------+--------------------------+<br />
|  1 | PRIMARY     | &lt;derived2&gt; | system | NULL            | NULL            | NULL    | NULL  |    1 |                          |<br />
|  1 | PRIMARY     | s2         | const  | PRIMARY         | PRIMARY         | 8       | const |    1 |                          |<br />
|  2 | DERIVED     | T3         | ref    | idx_aa_0003_aid | idx_aa_0003_aid | 9       |       |    1 | Using where; Using index |<br />
+----+-------------+------------+--------+-----------------+-----------------+---------+-------+------+--------------------------+<br />
3 rows in set (0.00 sec)</p>
<p>--结论：<br />
mysql执行计划中的ID<br />
ID如果相同，可以认为是一组，从上往下顺序执行<br />
在每组中，其中ID越大，优先级越高，越早执行</p>
<p>--<br />
mysql的explain参考<br />
<a href="http://hi.baidu.com/dbaeyes/blog/item/4e527fb321f5c1abd9335a85.html" target="_blank">http://hi.baidu.com/dbaeyes/blog/item/4e527fb321f5c1abd9335a85.html</a></p>
<p>------------------------------<br />
附oracle执行计划：<br />
--oracle--</p>
<p>1.<br />
explain plan for SELECT t1.* FROM FEED_RECEIVE_01 t1, FEED_RECEIVE_02 t2<br />
WHERE t1.id=t2.id AND t2.AUC_NUM_ID = :1;</p>
<p>Explained.</p>
<p>Elapsed: 00:00:00.01<br />
10:27:16 FBADMIN@ feel&gt;select * from table(dbms_xplan.display);</p>
<p>PLAN_TABLE_OUTPUT<br />
------------------------------------------------------------------------------------------------------------------------------------<br />
Plan hash value: 1684331209</p>
<p>----------------------------------------------------------------------------------------------------------<br />
| Id  | Operation                    | Name                      | Rows  | Bytes | Cost (%CPU)| Time     |<br />
----------------------------------------------------------------------------------------------------------<br />
|   0 | SELECT STATEMENT             |                           |   149 | 41720 |   121   (0)| 00:00:02 |<br />
|   1 |  NESTED LOOPS                |                           |   149 | 41720 |   121   (0)| 00:00:02 |<br />
|   2 |   TABLE ACCESS BY INDEX ROWID| FEED_RECEIVE_02           |   149 |  1788 |    61   (0)| 00:00:01 |<br />
|*  3 |    INDEX RANGE SCAN          | IDX_FEED_RECEIVE_02_AUCID |   149 |       |     2   (0)| 00:00:01 |<br />
|   4 |   TABLE ACCESS BY INDEX ROWID| FEED_RECEIVE_01           |     1 |   268 |     1   (0)| 00:00:01 |<br />
|*  5 |    INDEX UNIQUE SCAN         | PK_FEED_RECEIVE_01_ID     |     1 |       |     1   (0)| 00:00:01 |<br />
----------------------------------------------------------------------------------------------------------</p>
<p>2.<br />
explain plan for SELECT /*+ ordered use_nl(t, ff) */<br />
FF.*<br />
FROM (SELECT RID<br />
FROM (SELECT RID, ROWNUM AS RN<br />
FROM (SELECT ROWID RID<br />
FROM FEED_RECEIVE_03<br />
WHERE RATED_UID = :1<br />
AND (SUSPENDED = 0 OR SUSPENDED = 3 OR<br />
SUSPENDED = 7 OR SUSPENDED = 5 OR<br />
SUSPENDED = 6)<br />
AND RATER_TYPE = 0<br />
ORDER BY FEEDBACKDATE DESC)<br />
WHERE ROWNUM &lt;= :2) T<br />
WHERE RN &gt;= :3) T,<br />
FEED_RECEIVE_03 FF<br />
WHERE T.RID = FF.ROWID;</p>
<p>select * from table(dbms_xplan.display);</p>
<p>PLAN_TABLE_OUTPUT<br />
------------------------------------------------------------------------------------------------------------------------------------<br />
Plan hash value: 2477898939</p>
<p>-------------------------------------------------------------------------------------------------------------<br />
| Id  | Operation                       | Name                      | Rows  | Bytes | Cost (%CPU)| Time     |<br />
-------------------------------------------------------------------------------------------------------------<br />
|   0 | SELECT STATEMENT                |                           |   366 |   104K|   370   (0)| 00:00:05 |<br />
|   1 |  NESTED LOOPS                   |                           |   366 |   104K|   370   (0)| 00:00:05 |<br />
|*  2 |   VIEW                          |                           |   366 |  9150 |     4   (0)| 00:00:01 |<br />
|*  3 |    COUNT STOPKEY                |                           |       |       |            |          |<br />
|   4 |     VIEW                        |                           |   366 |  4392 |     4   (0)| 00:00:01 |<br />
|*  5 |      INDEX RANGE SCAN DESCENDING| IDX_FEED_RECEIVE_03_RATED |   366 | 10614 |     4   (0)| 00:00:01 |<br />
|   6 |   TABLE ACCESS BY USER ROWID    | FEED_RECEIVE_03           |     1 |   268 |     1   (0)| 00:00:01 |<br />
-------------------------------------------------------------------------------------------------------------</p>
<p>Predicate Information (identified by operation id):<br />
---------------------------------------------------</p>
<p>2 - filter("RN"&gt;=TO_NUMBER(:3))<br />
3 - filter(ROWNUM&lt;=TO_NUMBER(:2))<br />
5 - access("RATED_UID"=TO_NUMBER(:1) AND "RATER_TYPE"=0)<br />
filter("RATER_TYPE"=0 AND ("SUSPENDED"=0 OR "SUSPENDED"=3 OR "SUSPENDED"=5 OR "SUSPENDED"=6<br />
OR "SUSPENDED"=7))</p>
<p>--oracle的执行计划中的ID是顺序增大的，相同的缩进的话从上往下，每组缩进中执行先后根据缩进程序来判断，缩进越多越早执行。</p></div>
